2024-06-07 12:09:18 info: No handler defined for command "http"
2024-06-07 12:09:18 info: No handler defined for command "connections"
2024-06-07 12:09:19 info: HTTP data successfully inserted into the database!
2024-06-07 12:09:20 info: HTTP headers data successfully inserted into the database!
2024-06-07 12:09:20 info: No handler defined for command "ssdp"
2024-06-07 12:09:20 info: No handler defined for command "openPorts"
2024-06-07 12:09:21 info: No handler defined for command "dnsSmbLdapServers"
2024-06-07 12:09:21 info: No handler defined for command "arp"
2024-06-07 12:09:21 info: No handler defined for command "hosts"
2024-06-07 12:09:22 info: inserting http data in table, please wait
2024-06-07 12:09:22 info: HTTP everything data successfully inserted into the database!
2024-06-07 12:09:22 info: Processing completed successfully!
2024-06-07 12:16:43 info: No handler defined for command "http"
2024-06-07 12:16:43 info: No handler defined for command "connections"
2024-06-07 12:16:44 info: HTTP data successfully inserted into the database!
2024-06-07 12:16:44 info: HTTP headers data successfully inserted into the database!
2024-06-07 12:16:45 info: No handler defined for command "ssdp"
2024-06-07 12:16:45 info: No handler defined for command "openPorts"
2024-06-07 12:16:46 info: No handler defined for command "dnsSmbLdapServers"
2024-06-07 12:16:46 info: No handler defined for command "arp"
2024-06-07 12:16:46 info: No handler defined for command "hosts"
2024-06-07 12:16:47 info: inserting http data in table, please wait
2024-06-07 12:16:47 info: HTTP everything data successfully inserted into the database!
2024-06-07 12:16:47 info: Processing completed successfully!
2024-06-07 12:19:10 info: No handler defined for command "http"
2024-06-07 12:19:10 info: No handler defined for command "connections"
2024-06-07 12:19:11 info: HTTP data successfully inserted into the database!
2024-06-07 12:19:11 info: HTTP headers data successfully inserted into the database!
2024-06-07 12:19:11 info: No handler defined for command "ssdp"
2024-06-07 12:19:12 info: No handler defined for command "openPorts"
2024-06-07 12:19:13 info: No handler defined for command "dnsSmbLdapServers"
2024-06-07 12:19:13 info: No handler defined for command "arp"
2024-06-07 12:19:13 info: No handler defined for command "hosts"
2024-06-07 12:19:14 info: dataa
2024-06-07 12:19:14 info: inserting http data in table, please wait
2024-06-07 12:19:14 info: HTTP everything data successfully inserted into the database!
2024-06-07 12:19:14 info: Processing completed successfully!
2024-06-07 12:27:22 info: No handler defined for command "http"
2024-06-07 12:27:22 info: No handler defined for command "connections"
2024-06-07 12:27:22 info: HTTP data successfully inserted into the database!
2024-06-07 12:27:23 info: HTTP headers data successfully inserted into the database!
2024-06-07 12:27:23 info: No handler defined for command "ssdp"
2024-06-07 12:27:23 info: No handler defined for command "openPorts"
2024-06-07 12:27:24 info: No handler defined for command "dnsSmbLdapServers"
2024-06-07 12:27:24 info: No handler defined for command "arp"
2024-06-07 12:27:24 info: No handler defined for command "hosts"
2024-06-07 12:27:25 info: inserting http data in table, please wait
2024-06-07 12:27:25 info: HTTP everything data successfully inserted into the database!
2024-06-07 12:27:25 info: Processing completed successfully!
2024-06-07 13:10:46 info: No handler defined for command "http"
2024-06-07 13:10:46 info: No handler defined for command "connections"
2024-06-07 13:10:47 info: HTTP data successfully inserted into the database!
2024-06-07 13:10:47 info: HTTP headers data successfully inserted into the database!
2024-06-07 13:10:48 info: No handler defined for command "ssdp"
2024-06-07 13:10:48 info: No handler defined for command "openPorts"
2024-06-07 13:10:49 info: No handler defined for command "dnsSmbLdapServers"
2024-06-07 13:10:49 info: No handler defined for command "arp"
2024-06-07 13:10:50 info: No handler defined for command "hosts"
2024-06-07 13:10:50 info: inserting http data in table, please wait
2024-06-07 13:10:50 info: HTTP everything data successfully inserted into the database!
2024-06-07 13:10:50 info: Processing completed successfully!
2024-06-11 10:54:20 info: No handler defined for command "http"
2024-06-11 10:54:20 info: No handler defined for command "connections"
2024-06-11 10:54:20 info: HTTP data successfully inserted into the database!
2024-06-11 10:54:21 info: HTTP headers data successfully inserted into the database!
2024-06-11 10:54:21 info: No handler defined for command "ssdp"
2024-06-11 10:54:21 info: Open ports data successfully inserted into the database!
2024-06-11 10:54:22 info: DNS, SMB, LDAP servers data successfully inserted into the database!
2024-06-11 10:54:22 info: No handler defined for command "arp"
2024-06-11 10:54:22 info: No handler defined for command "hosts"
2024-06-11 10:54:22 info: Processing completed successfully!
2024-06-12 12:35:15 info: No handler defined for command "http"
2024-06-12 12:35:15 info: No handler defined for command "connections"
2024-06-12 12:35:16 info: HTTP data successfully inserted into the database!
2024-06-12 12:35:16 info: HTTP headers data successfully inserted into the database!
2024-06-12 12:35:16 info: No handler defined for command "ssdp"
2024-06-12 12:35:17 info: Open ports data successfully inserted into the database!
2024-06-12 12:35:17 info: DNS, SMB, LDAP servers data successfully inserted into the database!
2024-06-12 12:35:18 info: No handler defined for command "arp"
2024-06-12 12:35:18 info: No handler defined for command "hosts"
2024-06-12 12:35:18 info: Processing completed successfully!
2024-06-12 12:57:11 info: No handler defined for command "http"
2024-06-12 12:57:12 info: Conversations data successfully inserted into the database!
2024-06-12 12:57:12 info: HTTP data successfully inserted into the database!
2024-06-12 12:57:13 info: HTTP headers data successfully inserted into the database!
2024-06-12 12:57:14 info: SSDP data successfully inserted into the database!
2024-06-12 12:57:14 info: Open ports data successfully inserted into the database!
2024-06-12 12:57:15 info: DNS, SMB, LDAP servers data successfully inserted into the database!
2024-06-12 12:57:16 info: ARP
2024-06-12 12:57:16 info: 
2024-06-12 12:57:16 error: No valid ARP data found.
2024-06-12 12:57:16 info: Hosts data successfully inserted into the database!
2024-06-12 12:57:16 info: Processing completed successfully!
